<?xml version="1.0" encoding="UTF-8"?>
<testsuite xmlns:xsi="http://www.w3.org/2001/XMLSchema-instance" xsi:noNamespaceSchemaLocation="https://maven.apache.org/surefire/maven-surefire-plugin/xsd/surefire-test-report-3.0.xsd" version="3.0" name="examples.pets.Runner" time="4.598" tests="3" errors="0" skipped="0" failures="0">
  <properties>
[...]
</properties>
  <testcase name="[1:31] Consultar una mascota existente por id" classname="examples/pets/consultar-mascota" time="1.824">
    <system-out><![CDATA[17:33:02.768 [main] DEBUG com.intuit.karate.Suite - [config] classpath:karate-config.js
17:33:03.457 [main] INFO  com.intuit.karate - karate.env system property was: null 
17:33:03.695 [main] DEBUG com.intuit.karate - request:
1 > POST https://petstore.swagger.io/v2/pet
1 > Content-Type: application/json; charset=UTF-8
1 > Content-Length: 140
1 > Host: petstore.swagger.io
1 > Connection: Keep-Alive
1 > User-Agent: Apache-HttpClient/4.5.14 (Java/17.0.12)
1 > Accept-Encoding: gzip,deflate
{"id":590689,"category":{"id":1,"name":"dogs"},"name":"balto","photoUrls":["string"],"tags":[{"id":0,"name":"string"}],"status":"available"}

17:33:04.468 [main] DEBUG com.intuit.karate - response time in milliseconds: 770
1 < 200
1 < Date: Thu, 04 Jun 2026 21:33:04 GMT
1 < Content-Type: application/json
1 < Transfer-Encoding: chunked
1 < Connection: keep-alive
1 < Access-Control-Allow-Origin: *
1 < Access-Control-Allow-Methods: GET, POST, DELETE, PUT
1 < Access-Control-Allow-Headers: Content-Type, api_key, Authorization
1 < Server: Jetty(9.2.9.v20150224)
{"id":590689,"category":{"id":1,"name":"dogs"},"name":"balto","photoUrls":["string"],"tags":[{"id":0,"name":"string"}],"status":"available"}

17:33:04.477 [main] DEBUG com.intuit.karate - request:
2 > GET https://petstore.swagger.io/v2/pet/590689
2 > Host: petstore.swagger.io
2 > Connection: Keep-Alive
2 > User-Agent: Apache-HttpClient/4.5.14 (Java/17.0.12)
2 > Accept-Encoding: gzip,deflate


17:33:04.885 [main] DEBUG com.intuit.karate - response time in milliseconds: 408
2 < 200
2 < Date: Thu, 04 Jun 2026 21:33:05 GMT
2 < Content-Type: application/json
2 < Transfer-Encoding: chunked
2 < Connection: keep-alive
2 < Access-Control-Allow-Origin: *
2 < Access-Control-Allow-Methods: GET, POST, DELETE, PUT
2 < Access-Control-Allow-Headers: Content-Type, api_key, Authorization
2 < Server: Jetty(9.2.9.v20150224)
{"id":590689,"category":{"id":1,"name":"dogs"},"name":"balto","photoUrls":["string"],"tags":[{"id":0,"name":"string"}],"status":"available"}

---------------------------------------------------------
feature: classpath:examples/pets/consultar-mascota.feature
scenarios:  1 | passed:  1 | failed:  0 | time: 1,4128
---------------------------------------------------------

]]></system-out>
  </testcase>
  <testcase name="[1:30] Crear una mascota exitosamente" classname="examples/pets/crear-mascota" time="0.459">
    <system-out><![CDATA[17:33:05.251 [main] INFO  com.intuit.karate - karate.env system property was: null 
17:33:05.254 [main] DEBUG com.intuit.karate - request:
1 > POST https://petstore.swagger.io/v2/pet
1 > Content-Type: application/json; charset=UTF-8
1 > Content-Length: 140
1 > Host: petstore.swagger.io
1 > Connection: Keep-Alive
1 > User-Agent: Apache-HttpClient/4.5.14 (Java/17.0.12)
1 > Accept-Encoding: gzip,deflate
{"id":368863,"category":{"id":1,"name":"dogs"},"name":"balto","photoUrls":["string"],"tags":[{"id":0,"name":"string"}],"status":"available"}

17:33:05.659 [main] DEBUG com.intuit.karate - response time in milliseconds: 405
1 < 200
1 < Date: Thu, 04 Jun 2026 21:33:05 GMT
1 < Content-Type: application/json
1 < Transfer-Encoding: chunked
1 < Connection: keep-alive
1 < Access-Control-Allow-Origin: *
1 < Access-Control-Allow-Methods: GET, POST, DELETE, PUT
1 < Access-Control-Allow-Headers: Content-Type, api_key, Authorization
1 < Server: Jetty(9.2.9.v20150224)
{"id":368863,"category":{"id":1,"name":"dogs"},"name":"balto","photoUrls":["string"],"tags":[{"id":0,"name":"string"}],"status":"available"}

---------------------------------------------------------
feature: classpath:examples/pets/crear-mascota.feature
scenarios:  1 | passed:  1 | failed:  0 | time: 0,4105
---------------------------------------------------------

]]></system-out>
  </testcase>
  <testcase name="[1:30] Eliminar una mascota" classname="examples/pets/eliminar-mascota" time="0.937">
    <system-out><![CDATA[17:33:05.708 [main] INFO  com.intuit.karate - karate.env system property was: null 
17:33:05.710 [main] DEBUG com.intuit.karate - request:
1 > POST https://petstore.swagger.io/v2/pet
1 > Content-Type: application/json; charset=UTF-8
1 > Content-Length: 140
1 > Host: petstore.swagger.io
1 > Connection: Keep-Alive
1 > User-Agent: Apache-HttpClient/4.5.14 (Java/17.0.12)
1 > Accept-Encoding: gzip,deflate
{"id":631900,"category":{"id":1,"name":"dogs"},"name":"balto","photoUrls":["string"],"tags":[{"id":0,"name":"string"}],"status":"available"}

17:33:06.118 [main] DEBUG com.intuit.karate - response time in milliseconds: 407
1 < 200
1 < Date: Thu, 04 Jun 2026 21:33:06 GMT
1 < Content-Type: application/json
1 < Transfer-Encoding: chunked
1 < Connection: keep-alive
1 < Access-Control-Allow-Origin: *
1 < Access-Control-Allow-Methods: GET, POST, DELETE, PUT
1 < Access-Control-Allow-Headers: Content-Type, api_key, Authorization
1 < Server: Jetty(9.2.9.v20150224)
{"id":631900,"category":{"id":1,"name":"dogs"},"name":"balto","photoUrls":["string"],"tags":[{"id":0,"name":"string"}],"status":"available"}

17:33:06.120 [main] DEBUG com.intuit.karate - request:
2 > DELETE https://petstore.swagger.io/v2/pet/631900
2 > Host: petstore.swagger.io
2 > Connection: Keep-Alive
2 > User-Agent: Apache-HttpClient/4.5.14 (Java/17.0.12)
2 > Accept-Encoding: gzip,deflate


17:33:06.541 [main] DEBUG com.intuit.karate - response time in milliseconds: 421
2 < 200
2 < Date: Thu, 04 Jun 2026 21:33:06 GMT
2 < Content-Type: application/json
2 < Transfer-Encoding: chunked
2 < Connection: keep-alive
2 < Access-Control-Allow-Origin: *
2 < Access-Control-Allow-Methods: GET, POST, DELETE, PUT
2 < Access-Control-Allow-Headers: Content-Type, api_key, Authorization
2 < Server: Jetty(9.2.9.v20150224)
{"code":200,"type":"unknown","message":"631900"}

---------------------------------------------------------
feature: classpath:examples/pets/eliminar-mascota.feature
scenarios:  1 | passed:  1 | failed:  0 | time: 0,8332
---------------------------------------------------------

Karate version: 1.5.0
======================================================
elapsed:   4,04 | threads:    1 | thread time: 2,66 
features:     3 | skipped:    0 | efficiency: 0,66
scenarios:    3 | passed:     3 | failed: 0
======================================================

HTML report: (paste into browser to view) | Karate version: 1.5.0
file:///C:/Users/criis/eclipse-workspace/automation-api-karate/project-automation-api-karate/target/karate-reports/karate-summary.html
===================================================================

]]></system-out>
  </testcase>
</testsuite>